<h2>Reporter output</h2><table><tr><td><span style='color: darkblue;font-size: 14px;'>Redirecting to Admin page.<br></span></td></tr>
<tr><td><span style='color: darkblue;font-size: 14px;'><b>Executing Test Case : TC_01_ValidateaddingUserWithAllFields</b><br></span></td></tr>
<tr><td><span style='color: darkblue;font-size: 14px;'>Clicking on Add User Button.<br></span></td></tr>
<tr><td><span style='color: darkblue;font-size: 14px;'>Entering Employee Name. :F<br></span></td></tr>
<tr><td><span style='color: darkblue;font-size: 14px;'>Entering Employee Name. :burkett2164<br></span></td></tr>
<tr><td><span style='color: darkblue;font-size: 14px;'>Entering Password. :Anusha@123<br></span></td></tr>
<tr><td><span style='color: darkblue;font-size: 14px;'>Entering Confirm password. :Anusha@123<br></span></td></tr>
<tr><td><span style='color: darkblue;font-size: 14px;'>Clicking On Save button.<br></span></td></tr>
<tr><td><span style='color: darkblue;font-size: 14px;'>Entering User name Search input :burkett2164<br></span></td></tr>
<tr><td><span style='color: darkblue;font-size: 14px;'>Clicking On Search Button.<br></span></td></tr>
<tr><td><span style='color: darkblue;font-size: 14px;'>Fetching User Name<br></span></td></tr>
<tr><td><span style='color: green;font-size: 14px;'>Expected [ burkett2164 ] : Actual [ burkett2164 ]<br></span></td></tr>
<tr><td><a href="./Screenshot/1534642168903.png">ScreenShot : Validating User Name<br></a></td></tr>
<tr><td><span style='color: red;font-size: 14px;'><b>org.openqa.selenium.NoSuchElementException: Element Not Found : By.id: txtUsername
For documentation on this error, please visit: http://seleniumhq.org/exceptions/no_such_element.html
Build info: version: '2.52.0', revision: '4c2593c', time: '2016-02-11 19:06:42'
System info: host: 'anusha', ip: '192.168.1.35', os.name: 'Windows 10', os.arch: 'amd64', os.version: '10.0', java.version: '1.8.0_151'
Driver info: driver.version: unknown</b><br></span></td></tr>
<tr><td><a href="E:\Anusha\Selenium\23-07-2018\workspace\orangehrm-selenium-testng-001/build/reports/ExtentReports/Screenshot/1534643656222.png">SCREENSHOT : FAILED<br></a></td></tr>
<tr><td><span style='color: darkblue;font-size: 14px;'><b>Executing Test Case : TC_02_ValidateaddingUserWithMandatoryFields</b><br></span></td></tr>
<tr><td><span style='color: darkblue;font-size: 14px;'>Clicking on Add User Button.<br></span></td></tr>
<tr><td><span style='color: darkblue;font-size: 14px;'>Entering Employee Name. :F<br></span></td></tr>
<tr><td><span style='color: darkblue;font-size: 14px;'>Entering Employee Name. :stevie3688<br></span></td></tr>
<tr><td><span style='color: darkblue;font-size: 14px;'>Clicking On Save button.<br></span></td></tr>
<tr><td><span style='color: red;font-size: 14px;'><b>org.openqa.selenium.NoSuchElementException: Element Not Found : By.xpath: .//input[@id='searchSystemUser_userName']
For documentation on this error, please visit: http://seleniumhq.org/exceptions/no_such_element.html
Build info: version: '2.52.0', revision: '4c2593c', time: '2016-02-11 19:06:42'
System info: host: 'anusha', ip: '192.168.1.35', os.name: 'Windows 10', os.arch: 'amd64', os.version: '10.0', java.version: '1.8.0_151'
Driver info: driver.version: unknown</b><br></span></td></tr>
<tr><td><a href="E:\Anusha\Selenium\23-07-2018\workspace\orangehrm-selenium-testng-001/build/reports/ExtentReports/Screenshot/1534645175796.png">SCREENSHOT : FAILED<br></a></td></tr>
</table>